<?xml version="1.0" encoding="UTF-8"?>
<testng-results skipped="0" failed="0" ignored="0" total="2" passed="2">
  <reporter-output>
    <line>
      <![CDATA[pass-Browser Chrome Invoked with URL as : http://zero.webappsecurity.com/login.html<br>]]>
    </line>
    <line>
      <![CDATA[info-Username set with value as : username Invoke from method:SetUserName<br>]]>
    </line>
    <line>
      <![CDATA[pass-Password set with value as : password<br>]]>
    </line>
    <line>
      <![CDATA[info-Clicked on Submit Button<br>]]>
    </line>
    <line>
      <![CDATA[fail-User name and password Set and Submit Button Clicked.<br>]]>
    </line>
    <line>
      <![CDATA[pass-Login Successfull<br>]]>
    </line>
    <line>
      <![CDATA[pass-Test Case completed<br>]]>
    </line>
    <line>
      <![CDATA[pass-Browser Chrome Invoked with URL as : http://zero.webappsecurity.com/login.html<br>]]>
    </line>
    <line>
      <![CDATA[info-Username set with value as : username Invoke from method:SetUserName<br>]]>
    </line>
    <line>
      <![CDATA[pass-Password set with value as : password<br>]]>
    </line>
    <line>
      <![CDATA[info-Clicked on Submit Button<br>]]>
    </line>
    <line>
      <![CDATA[fail-User name and password Set and Submit Button Clicked.<br>]]>
    </line>
    <line>
      <![CDATA[pass-Login Successfull<br>]]>
    </line>
    <line>
      <![CDATA[info-Clicked on Transfer Funds<br>]]>
    </line>
    <line>
      <![CDATA[info-Selected value as :1 from FromDropDown<br>]]>
    </line>
    <line>
      <![CDATA[info-Selected value as :2 from ToDropDown<br>]]>
    </line>
    <line>
      <![CDATA[info-Set Ammount with value as :10<br>]]>
    </line>
    <line>
      <![CDATA[info-Set Description with value as :test<br>]]>
    </line>
    <line>
      <![CDATA[info-Clickd on Continue Button<br>]]>
    </line>
    <line>
      <![CDATA[info-Page Navigated to Transfer Funds Verify<br>]]>
    </line>
    <line>
      <![CDATA[info-Clickd on Submit Button<br>]]>
    </line>
    <line>
      <![CDATA[pass-Page Navigated to Transfer Funds Verify page<br>]]>
    </line>
    <line>
      <![CDATA[pass-Test Case completed<br>]]>
    </line>
  </reporter-output>
  <suite name="Suite" duration-ms="58418" started-at="2019-05-23T08:26:55Z" finished-at="2019-05-23T08:27:53Z">
    <groups>
    </groups>
    <test name="TestOnChrome" duration-ms="58418" started-at="2019-05-23T08:26:55Z" finished-at="2019-05-23T08:27:53Z">
      <class name="com.zerobank.tc.SmokeTest_1">
        <test-method status="PASS" signature="t_01_check_login(java.lang.String, java.lang.String)[pri:1, instance:com.zerobank.tc.SmokeTest_1@4b9e13df]" name="t_01_check_login" duration-ms="29789" started-at="2019-05-23T08:26:55Z" finished-at="2019-05-23T08:27:25Z">
          <params>
            <param index="0">
              <value>
                <![CDATA[http://zero.webappsecurity.com/login.html]]>
              </value>
            </param>
            <param index="1">
              <value>
                <![CDATA[chrome]]>
              </value>
            </param>
          </params>
          <reporter-output>
            <line>
              <![CDATA[pass-Browser Chrome Invoked with URL as : http://zero.webappsecurity.com/login.html<br>]]>
            </line>
            <line>
              <![CDATA[info-Username set with value as : username Invoke from method:SetUserName<br>]]>
            </line>
            <line>
              <![CDATA[pass-Password set with value as : password<br>]]>
            </line>
            <line>
              <![CDATA[info-Clicked on Submit Button<br>]]>
            </line>
            <line>
              <![CDATA[fail-User name and password Set and Submit Button Clicked.<br>]]>
            </line>
            <line>
              <![CDATA[pass-Login Successfull<br>]]>
            </line>
            <line>
              <![CDATA[pass-Test Case completed<br>]]>
            </line>
          </reporter-output>
        </test-method> <!-- t_01_check_login -->
        <test-method status="PASS" signature="t_02_check_transfer_funds(java.lang.String, java.lang.String)[pri:2, instance:com.zerobank.tc.SmokeTest_1@4b9e13df]" name="t_02_check_transfer_funds" duration-ms="28518" started-at="2019-05-23T08:27:25Z" finished-at="2019-05-23T08:27:53Z">
          <params>
            <param index="0">
              <value>
                <![CDATA[http://zero.webappsecurity.com/login.html]]>
              </value>
            </param>
            <param index="1">
              <value>
                <![CDATA[chrome]]>
              </value>
            </param>
          </params>
          <reporter-output>
            <line>
              <![CDATA[pass-Browser Chrome Invoked with URL as : http://zero.webappsecurity.com/login.html<br>]]>
            </line>
            <line>
              <![CDATA[info-Username set with value as : username Invoke from method:SetUserName<br>]]>
            </line>
            <line>
              <![CDATA[pass-Password set with value as : password<br>]]>
            </line>
            <line>
              <![CDATA[info-Clicked on Submit Button<br>]]>
            </line>
            <line>
              <![CDATA[fail-User name and password Set and Submit Button Clicked.<br>]]>
            </line>
            <line>
              <![CDATA[pass-Login Successfull<br>]]>
            </line>
            <line>
              <![CDATA[info-Clicked on Transfer Funds<br>]]>
            </line>
            <line>
              <![CDATA[info-Selected value as :1 from FromDropDown<br>]]>
            </line>
            <line>
              <![CDATA[info-Selected value as :2 from ToDropDown<br>]]>
            </line>
            <line>
              <![CDATA[info-Set Ammount with value as :10<br>]]>
            </line>
            <line>
              <![CDATA[info-Set Description with value as :test<br>]]>
            </line>
            <line>
              <![CDATA[info-Clickd on Continue Button<br>]]>
            </line>
            <line>
              <![CDATA[info-Page Navigated to Transfer Funds Verify<br>]]>
            </line>
            <line>
              <![CDATA[info-Clickd on Submit Button<br>]]>
            </line>
            <line>
              <![CDATA[pass-Page Navigated to Transfer Funds Verify page<br>]]>
            </line>
            <line>
              <![CDATA[pass-Test Case completed<br>]]>
            </line>
          </reporter-output>
        </test-method> <!-- t_02_check_transfer_funds -->
      </class> <!-- com.zerobank.tc.SmokeTest_1 -->
    </test> <!-- TestOnChrome -->
  </suite> <!-- Suite -->
</testng-results>
